2023/04/08 16:03:15 [notice] 1#1: using the "epoll" event method
2023/04/08 16:03:15 [notice] 1#1: nginx/1.22.1
2023/04/08 16:03:15 [notice] 1#1: built by gcc 12.2.1 20220924 (Alpine 12.2.1_git20220924-r4) 
2023/04/08 16:03:15 [notice] 1#1: OS: Linux 5.15.89-1-MANJARO
2023/04/08 16:03:15 [notice] 1#1: getrlimit(RLIMIT_NOFILE): 1048576:1048576
2023/04/08 16:03:15 [notice] 1#1: start worker processes
2023/04/08 16:03:15 [notice] 1#1: start worker process 7
2023/04/08 16:03:15 [notice] 1#1: start worker process 8
2023/04/08 16:03:15 [notice] 1#1: start worker process 9
2023/04/08 16:03:15 [notice] 1#1: start worker process 10
2023/04/08 16:03:15 [notice] 1#1: start worker process 11
2023/04/08 16:03:15 [notice] 1#1: start worker process 12
2023/04/08 16:03:15 [notice] 1#1: start worker process 13
2023/04/08 16:03:15 [notice] 1#1: start worker process 14
2023/04/08 16:03:23 [notice] 1#1: signal 3 (SIGQUIT) received, shutting down
2023/04/08 16:03:23 [notice] 11#11: gracefully shutting down
2023/04/08 16:03:23 [notice] 8#8: gracefully shutting down
2023/04/08 16:03:23 [notice] 9#9: gracefully shutting down
2023/04/08 16:03:23 [notice] 7#7: gracefully shutting down
2023/04/08 16:03:23 [notice] 12#12: gracefully shutting down
2023/04/08 16:03:23 [notice] 10#10: gracefully shutting down
2023/04/08 16:03:23 [notice] 11#11: exiting
2023/04/08 16:03:23 [notice] 8#8: exiting
2023/04/08 16:03:23 [notice] 9#9: exiting
2023/04/08 16:03:23 [notice] 7#7: exiting
2023/04/08 16:03:23 [notice] 12#12: exiting
2023/04/08 16:03:23 [notice] 10#10: exiting
2023/04/08 16:03:23 [notice] 11#11: exit
2023/04/08 16:03:23 [notice] 7#7: exit
2023/04/08 16:03:23 [notice] 10#10: exit
2023/04/08 16:03:23 [notice] 12#12: exit
2023/04/08 16:03:23 [notice] 8#8: exit
2023/04/08 16:03:23 [notice] 9#9: exit
2023/04/08 16:03:23 [notice] 14#14: gracefully shutting down
2023/04/08 16:03:23 [notice] 13#13: gracefully shutting down
2023/04/08 16:03:23 [notice] 14#14: exiting
2023/04/08 16:03:23 [notice] 13#13: exiting
2023/04/08 16:03:23 [notice] 14#14: exit
2023/04/08 16:03:23 [notice] 13#13: exit
2023/04/08 16:03:23 [notice] 1#1: signal 17 (SIGCHLD) received from 11
2023/04/08 16:03:23 [notice] 1#1: worker process 11 exited with code 0
2023/04/08 16:03:23 [notice] 1#1: worker process 14 exited with code 0
2023/04/08 16:03:23 [notice] 1#1: signal 29 (SIGIO) received
2023/04/08 16:03:23 [notice] 1#1: signal 17 (SIGCHLD) received from 12
2023/04/08 16:03:23 [notice] 1#1: worker process 9 exited with code 0
2023/04/08 16:03:23 [notice] 1#1: worker process 12 exited with code 0
2023/04/08 16:03:23 [notice] 1#1: worker process 13 exited with code 0
2023/04/08 16:03:23 [notice] 1#1: signal 29 (SIGIO) received
2023/04/08 16:03:23 [notice] 1#1: signal 17 (SIGCHLD) received from 10
2023/04/08 16:03:23 [notice] 1#1: worker process 10 exited with code 0
2023/04/08 16:03:23 [notice] 1#1: signal 29 (SIGIO) received
2023/04/08 16:03:23 [notice] 1#1: signal 17 (SIGCHLD) received from 7
2023/04/08 16:03:23 [notice] 1#1: worker process 7 exited with code 0
2023/04/08 16:03:23 [notice] 1#1: signal 29 (SIGIO) received
2023/04/08 16:03:23 [notice] 1#1: signal 17 (SIGCHLD) received from 8
2023/04/08 16:03:23 [notice] 1#1: worker process 8 exited with code 0
2023/04/08 16:03:23 [notice] 1#1: exit
2023/04/08 16:04:58 [notice] 1#1: using the "epoll" event method
2023/04/08 16:04:58 [notice] 1#1: nginx/1.22.1
2023/04/08 16:04:58 [notice] 1#1: built by gcc 12.2.1 20220924 (Alpine 12.2.1_git20220924-r4) 
2023/04/08 16:04:58 [notice] 1#1: OS: Linux 5.15.89-1-MANJARO
2023/04/08 16:04:58 [notice] 1#1: getrlimit(RLIMIT_NOFILE): 1048576:1048576
2023/04/08 16:04:58 [notice] 1#1: start worker processes
2023/04/08 16:04:58 [notice] 1#1: start worker process 7
2023/04/08 16:04:58 [notice] 1#1: start worker process 8
2023/04/08 16:04:58 [notice] 1#1: start worker process 9
2023/04/08 16:04:58 [notice] 1#1: start worker process 10
2023/04/08 16:04:58 [notice] 1#1: start worker process 11
2023/04/08 16:04:58 [notice] 1#1: start worker process 12
2023/04/08 16:04:58 [notice] 1#1: start worker process 13
2023/04/08 16:04:58 [notice] 1#1: start worker process 14
2023/04/08 16:05:16 [notice] 1#1: signal 3 (SIGQUIT) received, shutting down
2023/04/08 16:05:16 [notice] 11#11: gracefully shutting down
2023/04/08 16:05:16 [notice] 8#8: gracefully shutting down
2023/04/08 16:05:16 [notice] 7#7: gracefully shutting down
2023/04/08 16:05:16 [notice] 10#10: gracefully shutting down
2023/04/08 16:05:16 [notice] 11#11: exiting
2023/04/08 16:05:16 [notice] 8#8: exiting
2023/04/08 16:05:16 [notice] 7#7: exiting
2023/04/08 16:05:16 [notice] 10#10: exiting
2023/04/08 16:05:16 [notice] 11#11: exit
2023/04/08 16:05:16 [notice] 8#8: exit
2023/04/08 16:05:16 [notice] 7#7: exit
2023/04/08 16:05:16 [notice] 10#10: exit
2023/04/08 16:05:16 [notice] 12#12: gracefully shutting down
2023/04/08 16:05:16 [notice] 14#14: gracefully shutting down
2023/04/08 16:05:16 [notice] 12#12: exiting
2023/04/08 16:05:16 [notice] 14#14: exiting
2023/04/08 16:05:16 [notice] 12#12: exit
2023/04/08 16:05:16 [notice] 14#14: exit
2023/04/08 16:05:16 [notice] 13#13: gracefully shutting down
2023/04/08 16:05:16 [notice] 9#9: gracefully shutting down
2023/04/08 16:05:16 [notice] 13#13: exiting
2023/04/08 16:05:16 [notice] 9#9: exiting
2023/04/08 16:05:16 [notice] 13#13: exit
2023/04/08 16:05:16 [notice] 9#9: exit
2023/04/08 16:05:16 [notice] 1#1: signal 17 (SIGCHLD) received from 13
2023/04/08 16:05:16 [notice] 1#1: worker process 13 exited with code 0
2023/04/08 16:05:16 [notice] 1#1: signal 29 (SIGIO) received
2023/04/08 16:05:16 [notice] 1#1: signal 17 (SIGCHLD) received from 10
2023/04/08 16:05:16 [notice] 1#1: worker process 7 exited with code 0
2023/04/08 16:05:16 [notice] 1#1: worker process 8 exited with code 0
2023/04/08 16:05:16 [notice] 1#1: worker process 9 exited with code 0
2023/04/08 16:05:16 [notice] 1#1: worker process 10 exited with code 0
2023/04/08 16:05:16 [notice] 1#1: worker process 12 exited with code 0
2023/04/08 16:05:16 [notice] 1#1: signal 29 (SIGIO) received
2023/04/08 16:05:16 [notice] 1#1: signal 17 (SIGCHLD) received from 14
2023/04/08 16:05:16 [notice] 1#1: worker process 11 exited with code 0
2023/04/08 16:05:16 [notice] 1#1: worker process 14 exited with code 0
2023/04/08 16:05:16 [notice] 1#1: exit
2023/04/08 16:05:48 [notice] 1#1: using the "epoll" event method
2023/04/08 16:05:48 [notice] 1#1: nginx/1.22.1
2023/04/08 16:05:48 [notice] 1#1: built by gcc 12.2.1 20220924 (Alpine 12.2.1_git20220924-r4) 
2023/04/08 16:05:48 [notice] 1#1: OS: Linux 5.15.89-1-MANJARO
2023/04/08 16:05:48 [notice] 1#1: getrlimit(RLIMIT_NOFILE): 1048576:1048576
2023/04/08 16:05:48 [notice] 1#1: start worker processes
2023/04/08 16:05:48 [notice] 1#1: start worker process 7
2023/04/08 16:05:48 [notice] 1#1: start worker process 8
2023/04/08 16:05:48 [notice] 1#1: start worker process 9
2023/04/08 16:05:48 [notice] 1#1: start worker process 10
2023/04/08 16:05:48 [notice] 1#1: start worker process 11
2023/04/08 16:05:48 [notice] 1#1: start worker process 12
2023/04/08 16:05:48 [notice] 1#1: start worker process 13
2023/04/08 16:05:48 [notice] 1#1: start worker process 14
2023/04/08 16:05:55 [notice] 1#1: signal 3 (SIGQUIT) received, shutting down
2023/04/08 16:05:55 [notice] 8#8: gracefully shutting down
2023/04/08 16:05:55 [notice] 7#7: gracefully shutting down
2023/04/08 16:05:55 [notice] 9#9: gracefully shutting down
2023/04/08 16:05:55 [notice] 10#10: gracefully shutting down
2023/04/08 16:05:55 [notice] 8#8: exiting
2023/04/08 16:05:55 [notice] 7#7: exiting
2023/04/08 16:05:55 [notice] 9#9: exiting
2023/04/08 16:05:55 [notice] 10#10: exiting
2023/04/08 16:05:55 [notice] 12#12: gracefully shutting down
2023/04/08 16:05:55 [notice] 10#10: exit
2023/04/08 16:05:55 [notice] 12#12: exiting
2023/04/08 16:05:55 [notice] 13#13: gracefully shutting down
2023/04/08 16:05:55 [notice] 7#7: exit
2023/04/08 16:05:55 [notice] 9#9: exit
2023/04/08 16:05:55 [notice] 8#8: exit
2023/04/08 16:05:55 [notice] 13#13: exiting
2023/04/08 16:05:55 [notice] 13#13: exit
2023/04/08 16:05:55 [notice] 12#12: exit
2023/04/08 16:05:55 [notice] 14#14: gracefully shutting down
2023/04/08 16:05:55 [notice] 11#11: gracefully shutting down
2023/04/08 16:05:55 [notice] 14#14: exiting
2023/04/08 16:05:55 [notice] 11#11: exiting
2023/04/08 16:05:55 [notice] 14#14: exit
2023/04/08 16:05:55 [notice] 11#11: exit
2023/04/08 16:05:56 [notice] 1#1: signal 17 (SIGCHLD) received from 13
2023/04/08 16:05:56 [notice] 1#1: worker process 13 exited with code 0
2023/04/08 16:05:56 [notice] 1#1: signal 29 (SIGIO) received
2023/04/08 16:05:56 [notice] 1#1: signal 17 (SIGCHLD) received from 14
2023/04/08 16:05:56 [notice] 1#1: worker process 8 exited with code 0
2023/04/08 16:05:56 [notice] 1#1: worker process 9 exited with code 0
2023/04/08 16:05:56 [notice] 1#1: worker process 10 exited with code 0
2023/04/08 16:05:56 [notice] 1#1: worker process 11 exited with code 0
2023/04/08 16:05:56 [notice] 1#1: worker process 12 exited with code 0
2023/04/08 16:05:56 [notice] 1#1: worker process 14 exited with code 0
2023/04/08 16:05:56 [notice] 1#1: signal 29 (SIGIO) received
2023/04/08 16:05:56 [notice] 1#1: signal 17 (SIGCHLD) received from 7
2023/04/08 16:05:56 [notice] 1#1: worker process 7 exited with code 0
2023/04/08 16:05:56 [notice] 1#1: exit
2023/04/08 16:06:34 [notice] 1#1: using the "epoll" event method
2023/04/08 16:06:34 [notice] 1#1: nginx/1.22.1
2023/04/08 16:06:34 [notice] 1#1: built by gcc 12.2.1 20220924 (Alpine 12.2.1_git20220924-r4) 
2023/04/08 16:06:34 [notice] 1#1: OS: Linux 5.15.89-1-MANJARO
2023/04/08 16:06:34 [notice] 1#1: getrlimit(RLIMIT_NOFILE): 1048576:1048576
2023/04/08 16:06:34 [notice] 1#1: start worker processes
2023/04/08 16:06:34 [notice] 1#1: start worker process 7
2023/04/08 16:06:34 [notice] 1#1: start worker process 8
2023/04/08 16:06:34 [notice] 1#1: start worker process 9
2023/04/08 16:06:34 [notice] 1#1: start worker process 10
2023/04/08 16:06:34 [notice] 1#1: start worker process 11
2023/04/08 16:06:34 [notice] 1#1: start worker process 12
2023/04/08 16:06:34 [notice] 1#1: start worker process 13
2023/04/08 16:06:34 [notice] 1#1: start worker process 14
2023/04/08 16:06:38 [notice] 1#1: signal 3 (SIGQUIT) received, shutting down
2023/04/08 16:06:38 [notice] 7#7: gracefully shutting down
2023/04/08 16:06:38 [notice] 7#7: exiting
2023/04/08 16:06:38 [notice] 7#7: exit
2023/04/08 16:06:38 [notice] 11#11: gracefully shutting down
2023/04/08 16:06:38 [notice] 8#8: gracefully shutting down
2023/04/08 16:06:38 [notice] 13#13: gracefully shutting down
2023/04/08 16:06:38 [notice] 11#11: exiting
2023/04/08 16:06:38 [notice] 8#8: exiting
2023/04/08 16:06:38 [notice] 14#14: gracefully shutting down
2023/04/08 16:06:38 [notice] 13#13: exiting
2023/04/08 16:06:38 [notice] 12#12: gracefully shutting down
2023/04/08 16:06:38 [notice] 9#9: gracefully shutting down
2023/04/08 16:06:38 [notice] 14#14: exiting
2023/04/08 16:06:38 [notice] 11#11: exit
2023/04/08 16:06:38 [notice] 12#12: exiting
2023/04/08 16:06:38 [notice] 8#8: exit
2023/04/08 16:06:38 [notice] 13#13: exit
2023/04/08 16:06:38 [notice] 10#10: gracefully shutting down
2023/04/08 16:06:38 [notice] 9#9: exiting
2023/04/08 16:06:38 [notice] 12#12: exit
2023/04/08 16:06:38 [notice] 10#10: exiting
2023/04/08 16:06:38 [notice] 14#14: exit
2023/04/08 16:06:38 [notice] 9#9: exit
2023/04/08 16:06:38 [notice] 10#10: exit
2023/04/08 16:06:38 [notice] 1#1: signal 17 (SIGCHLD) received from 10
2023/04/08 16:06:38 [notice] 1#1: worker process 10 exited with code 0
2023/04/08 16:06:38 [notice] 1#1: signal 29 (SIGIO) received
2023/04/08 16:06:38 [notice] 1#1: signal 17 (SIGCHLD) received from 9
2023/04/08 16:06:38 [notice] 1#1: worker process 7 exited with code 0
2023/04/08 16:06:38 [notice] 1#1: worker process 9 exited with code 0
2023/04/08 16:06:38 [notice] 1#1: worker process 12 exited with code 0
2023/04/08 16:06:38 [notice] 1#1: signal 29 (SIGIO) received
2023/04/08 16:06:38 [notice] 1#1: signal 17 (SIGCHLD) received from 12
2023/04/08 16:06:38 [notice] 1#1: signal 17 (SIGCHLD) received from 8
2023/04/08 16:06:38 [notice] 1#1: worker process 8 exited with code 0
2023/04/08 16:06:38 [notice] 1#1: signal 29 (SIGIO) received
2023/04/08 16:06:38 [notice] 1#1: signal 17 (SIGCHLD) received from 14
2023/04/08 16:06:38 [notice] 1#1: worker process 11 exited with code 0
2023/04/08 16:06:38 [notice] 1#1: worker process 13 exited with code 0
2023/04/08 16:06:38 [notice] 1#1: worker process 14 exited with code 0
2023/04/08 16:06:38 [notice] 1#1: exit
2023/04/08 16:06:51 [notice] 1#1: using the "epoll" event method
2023/04/08 16:06:51 [notice] 1#1: nginx/1.22.1
2023/04/08 16:06:51 [notice] 1#1: built by gcc 12.2.1 20220924 (Alpine 12.2.1_git20220924-r4) 
2023/04/08 16:06:51 [notice] 1#1: OS: Linux 5.15.89-1-MANJARO
2023/04/08 16:06:51 [notice] 1#1: getrlimit(RLIMIT_NOFILE): 1048576:1048576
2023/04/08 16:06:51 [notice] 1#1: start worker processes
2023/04/08 16:06:51 [notice] 1#1: start worker process 7
2023/04/08 16:06:51 [notice] 1#1: start worker process 8
2023/04/08 16:06:51 [notice] 1#1: start worker process 9
2023/04/08 16:06:51 [notice] 1#1: start worker process 10
2023/04/08 16:06:51 [notice] 1#1: start worker process 11
2023/04/08 16:06:51 [notice] 1#1: start worker process 12
2023/04/08 16:06:51 [notice] 1#1: start worker process 13
2023/04/08 16:06:51 [notice] 1#1: start worker process 14
2023/04/08 16:06:57 [notice] 1#1: signal 3 (SIGQUIT) received, shutting down
2023/04/08 16:06:57 [notice] 9#9: gracefully shutting down
2023/04/08 16:06:57 [notice] 7#7: gracefully shutting down
2023/04/08 16:06:57 [notice] 9#9: exiting
2023/04/08 16:06:57 [notice] 8#8: gracefully shutting down
2023/04/08 16:06:57 [notice] 7#7: exiting
2023/04/08 16:06:57 [notice] 8#8: exiting
2023/04/08 16:06:57 [notice] 9#9: exit
2023/04/08 16:06:57 [notice] 7#7: exit
2023/04/08 16:06:57 [notice] 8#8: exit
2023/04/08 16:06:57 [notice] 10#10: gracefully shutting down
2023/04/08 16:06:57 [notice] 12#12: gracefully shutting down
2023/04/08 16:06:57 [notice] 11#11: gracefully shutting down
2023/04/08 16:06:57 [notice] 14#14: gracefully shutting down
2023/04/08 16:06:57 [notice] 13#13: gracefully shutting down
2023/04/08 16:06:57 [notice] 10#10: exiting
2023/04/08 16:06:57 [notice] 12#12: exiting
2023/04/08 16:06:57 [notice] 11#11: exiting
2023/04/08 16:06:57 [notice] 14#14: exiting
2023/04/08 16:06:57 [notice] 13#13: exiting
2023/04/08 16:06:57 [notice] 14#14: exit
2023/04/08 16:06:57 [notice] 10#10: exit
2023/04/08 16:06:57 [notice] 11#11: exit
2023/04/08 16:06:57 [notice] 12#12: exit
2023/04/08 16:06:57 [notice] 13#13: exit
2023/04/08 16:06:57 [notice] 1#1: signal 17 (SIGCHLD) received from 8
2023/04/08 16:06:57 [notice] 1#1: worker process 8 exited with code 0
2023/04/08 16:06:57 [notice] 1#1: signal 29 (SIGIO) received
2023/04/08 16:06:57 [notice] 1#1: signal 17 (SIGCHLD) received from 7
2023/04/08 16:06:57 [notice] 1#1: worker process 7 exited with code 0
2023/04/08 16:06:57 [notice] 1#1: worker process 14 exited with code 0
2023/04/08 16:06:57 [notice] 1#1: signal 29 (SIGIO) received
2023/04/08 16:06:57 [notice] 1#1: signal 17 (SIGCHLD) received from 11
2023/04/08 16:06:57 [notice] 1#1: worker process 11 exited with code 0
2023/04/08 16:06:57 [notice] 1#1: signal 29 (SIGIO) received
2023/04/08 16:06:57 [notice] 1#1: signal 17 (SIGCHLD) received from 13
2023/04/08 16:06:57 [notice] 1#1: worker process 9 exited with code 0
2023/04/08 16:06:57 [notice] 1#1: worker process 10 exited with code 0
2023/04/08 16:06:57 [notice] 1#1: worker process 12 exited with code 0
2023/04/08 16:06:57 [notice] 1#1: worker process 13 exited with code 0
2023/04/08 16:06:57 [notice] 1#1: exit
2023/04/08 16:07:51 [warn] 1#1: conflicting server name "" on 0.0.0.0:80, ignored
2023/04/08 16:07:51 [warn] 1#1: conflicting server name "" on [::]:80, ignored
2023/04/08 16:07:51 [notice] 1#1: using the "epoll" event method
2023/04/08 16:07:51 [notice] 1#1: nginx/1.22.1
2023/04/08 16:07:51 [notice] 1#1: built by gcc 12.2.1 20220924 (Alpine 12.2.1_git20220924-r4) 
2023/04/08 16:07:51 [notice] 1#1: OS: Linux 5.15.89-1-MANJARO
2023/04/08 16:07:51 [notice] 1#1: getrlimit(RLIMIT_NOFILE): 1048576:1048576
2023/04/08 16:07:51 [notice] 1#1: start worker processes
2023/04/08 16:07:51 [notice] 1#1: start worker process 7
2023/04/08 16:07:51 [notice] 1#1: start worker process 8
2023/04/08 16:07:51 [notice] 1#1: start worker process 9
2023/04/08 16:07:51 [notice] 1#1: start worker process 10
2023/04/08 16:07:51 [notice] 1#1: start worker process 11
2023/04/08 16:07:51 [notice] 1#1: start worker process 12
2023/04/08 16:07:51 [notice] 1#1: start worker process 13
2023/04/08 16:07:51 [notice] 1#1: start worker process 14
2023/04/08 16:08:53 [notice] 1#1: signal 3 (SIGQUIT) received, shutting down
2023/04/08 16:08:53 [notice] 7#7: gracefully shutting down
2023/04/08 16:08:53 [notice] 10#10: gracefully shutting down
2023/04/08 16:08:53 [notice] 9#9: gracefully shutting down
2023/04/08 16:08:53 [notice] 8#8: gracefully shutting down
2023/04/08 16:08:53 [notice] 11#11: gracefully shutting down
2023/04/08 16:08:53 [notice] 14#14: gracefully shutting down
2023/04/08 16:08:53 [notice] 13#13: gracefully shutting down
2023/04/08 16:08:53 [notice] 7#7: exiting
2023/04/08 16:08:53 [notice] 10#10: exiting
2023/04/08 16:08:53 [notice] 9#9: exiting
2023/04/08 16:08:53 [notice] 8#8: exiting
2023/04/08 16:08:53 [notice] 11#11: exiting
2023/04/08 16:08:53 [notice] 14#14: exiting
2023/04/08 16:08:53 [notice] 13#13: exiting
2023/04/08 16:08:53 [notice] 12#12: gracefully shutting down
2023/04/08 16:08:53 [notice] 14#14: exit
2023/04/08 16:08:53 [notice] 10#10: exit
2023/04/08 16:08:53 [notice] 7#7: exit
2023/04/08 16:08:53 [notice] 8#8: exit
2023/04/08 16:08:53 [notice] 13#13: exit
2023/04/08 16:08:53 [notice] 9#9: exit
2023/04/08 16:08:53 [notice] 11#11: exit
2023/04/08 16:08:53 [notice] 12#12: exiting
2023/04/08 16:08:53 [notice] 12#12: exit
2023/04/08 16:08:53 [notice] 1#1: signal 17 (SIGCHLD) received from 9
2023/04/08 16:08:53 [notice] 1#1: worker process 9 exited with code 0
2023/04/08 16:08:53 [notice] 1#1: signal 29 (SIGIO) received
2023/04/08 16:08:53 [notice] 1#1: signal 17 (SIGCHLD) received from 10
2023/04/08 16:08:53 [notice] 1#1: worker process 10 exited with code 0
2023/04/08 16:08:53 [notice] 1#1: signal 29 (SIGIO) received
2023/04/08 16:08:53 [notice] 1#1: signal 17 (SIGCHLD) received from 11
2023/04/08 16:08:53 [notice] 1#1: worker process 11 exited with code 0
2023/04/08 16:08:53 [notice] 1#1: signal 29 (SIGIO) received
2023/04/08 16:08:53 [notice] 1#1: signal 17 (SIGCHLD) received from 8
2023/04/08 16:08:53 [notice] 1#1: worker process 8 exited with code 0
2023/04/08 16:08:53 [notice] 1#1: signal 29 (SIGIO) received
2023/04/08 16:08:53 [notice] 1#1: signal 17 (SIGCHLD) received from 14
2023/04/08 16:08:53 [notice] 1#1: worker process 14 exited with code 0
2023/04/08 16:08:53 [notice] 1#1: signal 29 (SIGIO) received
2023/04/08 16:08:53 [notice] 1#1: signal 17 (SIGCHLD) received from 12
2023/04/08 16:08:53 [notice] 1#1: worker process 7 exited with code 0
2023/04/08 16:08:53 [notice] 1#1: worker process 12 exited with code 0
2023/04/08 16:08:53 [notice] 1#1: signal 29 (SIGIO) received
2023/04/08 16:08:53 [notice] 1#1: signal 17 (SIGCHLD) received from 13
2023/04/08 16:08:53 [notice] 1#1: worker process 13 exited with code 0
2023/04/08 16:08:53 [notice] 1#1: exit
2023/04/08 16:09:57 [emerg] 1#1: host not found in upstream "phpmyadmin" in /etc/nginx/conf.d/phpmyadmin.conf:12
2023/04/08 16:09:58 [emerg] 1#1: host not found in upstream "phpmyadmin" in /etc/nginx/conf.d/phpmyadmin.conf:12
2023/04/08 16:09:59 [emerg] 1#1: host not found in upstream "phpmyadmin" in /etc/nginx/conf.d/phpmyadmin.conf:12
2023/04/08 16:10:00 [emerg] 1#1: host not found in upstream "phpmyadmin" in /etc/nginx/conf.d/phpmyadmin.conf:12
2023/04/08 16:10:02 [emerg] 1#1: host not found in upstream "phpmyadmin" in /etc/nginx/conf.d/phpmyadmin.conf:12
2023/04/08 16:10:04 [emerg] 1#1: host not found in upstream "phpmyadmin" in /etc/nginx/conf.d/phpmyadmin.conf:12
2023/04/08 16:10:08 [emerg] 1#1: host not found in upstream "phpmyadmin" in /etc/nginx/conf.d/phpmyadmin.conf:12
2023/04/08 16:10:15 [emerg] 1#1: host not found in upstream "phpmyadmin" in /etc/nginx/conf.d/phpmyadmin.conf:12
2023/04/08 16:10:24 [emerg] 1#1: host not found in upstream "phpmyadmin" in /etc/nginx/conf.d/phpmyadmin.conf:12
2023/04/08 16:10:25 [emerg] 1#1: host not found in upstream "phpmyadmin" in /etc/nginx/conf.d/phpmyadmin.conf:12
2023/04/08 16:10:27 [emerg] 1#1: host not found in upstream "phpmyadmin" in /etc/nginx/conf.d/phpmyadmin.conf:12
2023/04/08 16:10:28 [emerg] 1#1: host not found in upstream "phpmyadmin" in /etc/nginx/conf.d/phpmyadmin.conf:12
2023/04/08 16:10:30 [emerg] 1#1: host not found in upstream "phpmyadmin" in /etc/nginx/conf.d/phpmyadmin.conf:12
2023/04/08 16:10:32 [emerg] 1#1: host not found in upstream "phpmyadmin" in /etc/nginx/conf.d/phpmyadmin.conf:12
2023/04/08 16:10:37 [emerg] 1#1: host not found in upstream "phpmyadmin" in /etc/nginx/conf.d/phpmyadmin.conf:12
2023/04/08 16:10:44 [emerg] 1#1: host not found in upstream "phpmyadmin" in /etc/nginx/conf.d/phpmyadmin.conf:12
2023/04/08 16:10:57 [emerg] 1#1: host not found in upstream "phpmyadmin" in /etc/nginx/conf.d/phpmyadmin.conf:12
2023/04/08 16:11:29 [emerg] 1#1: host not found in upstream "phpmyadmin" in /etc/nginx/conf.d/phpmyadmin.conf:12
2023/04/08 16:11:30 [emerg] 1#1: host not found in upstream "phpmyadmin" in /etc/nginx/conf.d/phpmyadmin.conf:12
2023/04/08 16:11:32 [emerg] 1#1: host not found in upstream "phpmyadmin" in /etc/nginx/conf.d/phpmyadmin.conf:12
2023/04/08 16:11:33 [emerg] 1#1: host not found in upstream "phpmyadmin" in /etc/nginx/conf.d/phpmyadmin.conf:12
2023/04/08 16:11:35 [emerg] 1#1: host not found in upstream "phpmyadmin" in /etc/nginx/conf.d/phpmyadmin.conf:12
2023/04/08 16:11:38 [emerg] 1#1: host not found in upstream "phpmyadmin" in /etc/nginx/conf.d/phpmyadmin.conf:12
2023/04/08 16:11:42 [emerg] 1#1: host not found in upstream "phpmyadmin" in /etc/nginx/conf.d/phpmyadmin.conf:12
2023/04/08 16:11:49 [emerg] 1#1: host not found in upstream "phpmyadmin" in /etc/nginx/conf.d/phpmyadmin.conf:12
2023/04/08 16:12:03 [emerg] 1#1: host not found in upstream "phpmyadmin" in /etc/nginx/conf.d/phpmyadmin.conf:12
2023/04/08 16:12:29 [emerg] 1#1: host not found in upstream "phpmyadmin" in /etc/nginx/conf.d/phpmyadmin.conf:12
2023/04/08 16:15:44 [emerg] 1#1: host not found in upstream "phpmyadmin" in /etc/nginx/conf.d/phpmyadmin.conf:12
2023/04/08 16:15:46 [emerg] 1#1: host not found in upstream "phpmyadmin" in /etc/nginx/conf.d/phpmyadmin.conf:12
2023/04/08 16:15:47 [emerg] 1#1: host not found in upstream "phpmyadmin" in /etc/nginx/conf.d/phpmyadmin.conf:12
2023/04/08 16:15:49 [emerg] 1#1: host not found in upstream "phpmyadmin" in /etc/nginx/conf.d/phpmyadmin.conf:12
2023/04/08 16:15:51 [emerg] 1#1: host not found in upstream "phpmyadmin" in /etc/nginx/conf.d/phpmyadmin.conf:12
2023/04/08 16:15:54 [emerg] 1#1: host not found in upstream "phpmyadmin" in /etc/nginx/conf.d/phpmyadmin.conf:12
2023/04/08 16:15:58 [emerg] 1#1: host not found in upstream "phpmyadmin" in /etc/nginx/conf.d/phpmyadmin.conf:12
2023/04/08 16:17:05 [emerg] 1#1: host not found in upstream "phpmyadmin" in /etc/nginx/conf.d/phpmyadmin.conf:12
2023/04/08 16:17:06 [emerg] 1#1: host not found in upstream "phpmyadmin" in /etc/nginx/conf.d/phpmyadmin.conf:12
2023/04/08 16:17:08 [emerg] 1#1: host not found in upstream "phpmyadmin" in /etc/nginx/conf.d/phpmyadmin.conf:12
2023/04/08 16:17:09 [emerg] 1#1: host not found in upstream "phpmyadmin" in /etc/nginx/conf.d/phpmyadmin.conf:12
2023/04/08 16:17:11 [emerg] 1#1: host not found in upstream "phpmyadmin" in /etc/nginx/conf.d/phpmyadmin.conf:12
2023/04/08 16:17:14 [emerg] 1#1: host not found in upstream "phpmyadmin" in /etc/nginx/conf.d/phpmyadmin.conf:12
2023/04/08 16:17:18 [emerg] 1#1: host not found in upstream "phpmyadmin" in /etc/nginx/conf.d/phpmyadmin.conf:12
2023/04/08 16:17:25 [emerg] 1#1: host not found in upstream "phpmyadmin" in /etc/nginx/conf.d/phpmyadmin.conf:12
2023/04/08 16:17:39 [emerg] 1#1: host not found in upstream "phpmyadmin" in /etc/nginx/conf.d/phpmyadmin.conf:12
2023/04/08 16:18:05 [emerg] 1#1: host not found in upstream "phpmyadmin" in /etc/nginx/conf.d/phpmyadmin.conf:12
2023/04/08 16:18:18 [notice] 1#1: using the "epoll" event method
2023/04/08 16:18:18 [notice] 1#1: nginx/1.22.1
2023/04/08 16:18:18 [notice] 1#1: built by gcc 12.2.1 20220924 (Alpine 12.2.1_git20220924-r4) 
2023/04/08 16:18:18 [notice] 1#1: OS: Linux 5.15.89-1-MANJARO
2023/04/08 16:18:18 [notice] 1#1: getrlimit(RLIMIT_NOFILE): 1048576:1048576
2023/04/08 16:18:18 [notice] 1#1: start worker processes
2023/04/08 16:18:18 [notice] 1#1: start worker process 7
2023/04/08 16:18:18 [notice] 1#1: start worker process 8
2023/04/08 16:18:18 [notice] 1#1: start worker process 9
2023/04/08 16:18:18 [notice] 1#1: start worker process 10
2023/04/08 16:18:18 [notice] 1#1: start worker process 11
2023/04/08 16:18:18 [notice] 1#1: start worker process 12
2023/04/08 16:18:18 [notice] 1#1: start worker process 13
2023/04/08 16:18:18 [notice] 1#1: start worker process 14
2023/04/08 16:18:28 [notice] 1#1: signal 3 (SIGQUIT) received, shutting down
2023/04/08 16:18:28 [notice] 7#7: gracefully shutting down
2023/04/08 16:18:28 [notice] 8#8: gracefully shutting down
2023/04/08 16:18:28 [notice] 12#12: gracefully shutting down
2023/04/08 16:18:28 [notice] 11#11: gracefully shutting down
2023/04/08 16:18:28 [notice] 14#14: gracefully shutting down
2023/04/08 16:18:28 [notice] 13#13: gracefully shutting down
2023/04/08 16:18:28 [notice] 10#10: gracefully shutting down
2023/04/08 16:18:28 [notice] 8#8: exiting
2023/04/08 16:18:28 [notice] 12#12: exiting
2023/04/08 16:18:28 [notice] 11#11: exiting
2023/04/08 16:18:28 [notice] 14#14: exiting
2023/04/08 16:18:28 [notice] 13#13: exiting
2023/04/08 16:18:28 [notice] 10#10: exiting
2023/04/08 16:18:28 [notice] 7#7: exiting
2023/04/08 16:18:28 [notice] 8#8: exit
2023/04/08 16:18:28 [notice] 14#14: exit
2023/04/08 16:18:28 [notice] 12#12: exit
2023/04/08 16:18:28 [notice] 11#11: exit
2023/04/08 16:18:28 [notice] 13#13: exit
2023/04/08 16:18:28 [notice] 10#10: exit
2023/04/08 16:18:28 [notice] 7#7: exit
2023/04/08 16:18:28 [notice] 9#9: gracefully shutting down
2023/04/08 16:18:28 [notice] 9#9: exiting
2023/04/08 16:18:28 [notice] 9#9: exit
2023/04/08 16:18:28 [notice] 1#1: signal 17 (SIGCHLD) received from 12
2023/04/08 16:18:28 [notice] 1#1: worker process 12 exited with code 0
2023/04/08 16:18:28 [notice] 1#1: signal 29 (SIGIO) received
2023/04/08 16:18:29 [notice] 1#1: signal 17 (SIGCHLD) received from 9
2023/04/08 16:18:29 [notice] 1#1: worker process 9 exited with code 0
2023/04/08 16:18:29 [notice] 1#1: signal 29 (SIGIO) received
2023/04/08 16:18:29 [notice] 1#1: signal 17 (SIGCHLD) received from 14
2023/04/08 16:18:29 [notice] 1#1: worker process 14 exited with code 0
2023/04/08 16:18:29 [notice] 1#1: signal 29 (SIGIO) received
2023/04/08 16:18:29 [notice] 1#1: signal 17 (SIGCHLD) received from 7
2023/04/08 16:18:29 [notice] 1#1: worker process 7 exited with code 0
2023/04/08 16:18:29 [notice] 1#1: worker process 8 exited with code 0
2023/04/08 16:18:29 [notice] 1#1: signal 29 (SIGIO) received
2023/04/08 16:18:29 [notice] 1#1: signal 17 (SIGCHLD) received from 11
2023/04/08 16:18:29 [notice] 1#1: worker process 11 exited with code 0
2023/04/08 16:18:29 [notice] 1#1: signal 29 (SIGIO) received
2023/04/08 16:18:29 [notice] 1#1: signal 17 (SIGCHLD) received from 13
2023/04/08 16:18:29 [notice] 1#1: worker process 13 exited with code 0
2023/04/08 16:18:29 [notice] 1#1: signal 29 (SIGIO) received
2023/04/08 16:18:29 [notice] 1#1: signal 17 (SIGCHLD) received from 10
2023/04/08 16:18:29 [notice] 1#1: worker process 10 exited with code 0
2023/04/08 16:18:29 [notice] 1#1: exit
2023/04/08 16:18:34 [notice] 1#1: using the "epoll" event method
2023/04/08 16:18:34 [notice] 1#1: nginx/1.22.1
2023/04/08 16:18:34 [notice] 1#1: built by gcc 12.2.1 20220924 (Alpine 12.2.1_git20220924-r4) 
2023/04/08 16:18:34 [notice] 1#1: OS: Linux 5.15.89-1-MANJARO
2023/04/08 16:18:34 [notice] 1#1: getrlimit(RLIMIT_NOFILE): 1048576:1048576
2023/04/08 16:18:34 [notice] 1#1: start worker processes
2023/04/08 16:18:34 [notice] 1#1: start worker process 7
2023/04/08 16:18:34 [notice] 1#1: start worker process 8
2023/04/08 16:18:34 [notice] 1#1: start worker process 9
2023/04/08 16:18:34 [notice] 1#1: start worker process 10
2023/04/08 16:18:34 [notice] 1#1: start worker process 11
2023/04/08 16:18:34 [notice] 1#1: start worker process 12
2023/04/08 16:18:34 [notice] 1#1: start worker process 13
2023/04/08 16:18:34 [notice] 1#1: start worker process 14
2023/04/08 16:18:43 [notice] 1#1: signal 3 (SIGQUIT) received, shutting down
2023/04/08 16:18:43 [notice] 7#7: gracefully shutting down
2023/04/08 16:18:43 [notice] 8#8: gracefully shutting down
2023/04/08 16:18:43 [notice] 9#9: gracefully shutting down
2023/04/08 16:18:43 [notice] 13#13: gracefully shutting down
2023/04/08 16:18:43 [notice] 9#9: exiting
2023/04/08 16:18:43 [notice] 8#8: exiting
2023/04/08 16:18:43 [notice] 13#13: exiting
2023/04/08 16:18:43 [notice] 7#7: exiting
2023/04/08 16:18:43 [notice] 14#14: gracefully shutting down
2023/04/08 16:18:43 [notice] 9#9: exit
2023/04/08 16:18:43 [notice] 7#7: exit
2023/04/08 16:18:43 [notice] 8#8: exit
2023/04/08 16:18:43 [notice] 14#14: exiting
2023/04/08 16:18:43 [notice] 14#14: exit
2023/04/08 16:18:43 [notice] 10#10: gracefully shutting down
2023/04/08 16:18:43 [notice] 12#12: gracefully shutting down
2023/04/08 16:18:43 [notice] 10#10: exiting
2023/04/08 16:18:43 [notice] 12#12: exiting
2023/04/08 16:18:43 [notice] 12#12: exit
2023/04/08 16:18:43 [notice] 10#10: exit
2023/04/08 16:18:43 [notice] 13#13: exit
2023/04/08 16:18:43 [notice] 11#11: gracefully shutting down
2023/04/08 16:18:43 [notice] 11#11: exiting
2023/04/08 16:18:43 [notice] 11#11: exit
2023/04/08 16:18:43 [notice] 1#1: signal 17 (SIGCHLD) received from 14
2023/04/08 16:18:43 [notice] 1#1: worker process 14 exited with code 0
2023/04/08 16:18:43 [notice] 1#1: signal 29 (SIGIO) received
2023/04/08 16:18:43 [notice] 1#1: signal 17 (SIGCHLD) received from 13
2023/04/08 16:18:43 [notice] 1#1: worker process 13 exited with code 0
2023/04/08 16:18:43 [notice] 1#1: signal 29 (SIGIO) received
2023/04/08 16:18:43 [notice] 1#1: signal 17 (SIGCHLD) received from 12
2023/04/08 16:18:43 [notice] 1#1: worker process 7 exited with code 0
2023/04/08 16:18:43 [notice] 1#1: worker process 9 exited with code 0
2023/04/08 16:18:43 [notice] 1#1: worker process 12 exited with code 0
2023/04/08 16:18:43 [notice] 1#1: signal 29 (SIGIO) received
2023/04/08 16:18:43 [notice] 1#1: signal 17 (SIGCHLD) received from 9
2023/04/08 16:18:43 [notice] 1#1: signal 17 (SIGCHLD) received from 11
2023/04/08 16:18:43 [notice] 1#1: worker process 8 exited with code 0
2023/04/08 16:18:43 [notice] 1#1: worker process 10 exited with code 0
2023/04/08 16:18:43 [notice] 1#1: worker process 11 exited with code 0
2023/04/08 16:18:43 [notice] 1#1: exit
2023/04/08 16:23:03 [notice] 1#1: using the "epoll" event method
2023/04/08 16:23:03 [notice] 1#1: nginx/1.22.1
2023/04/08 16:23:03 [notice] 1#1: built by gcc 12.2.1 20220924 (Alpine 12.2.1_git20220924-r4) 
2023/04/08 16:23:03 [notice] 1#1: OS: Linux 5.15.89-1-MANJARO
2023/04/08 16:23:03 [notice] 1#1: getrlimit(RLIMIT_NOFILE): 1048576:1048576
2023/04/08 16:23:03 [notice] 1#1: start worker processes
2023/04/08 16:23:03 [notice] 1#1: start worker process 7
2023/04/08 16:23:03 [notice] 1#1: start worker process 8
2023/04/08 16:23:03 [notice] 1#1: start worker process 9
2023/04/08 16:23:03 [notice] 1#1: start worker process 10
2023/04/08 16:23:03 [notice] 1#1: start worker process 11
2023/04/08 16:23:03 [notice] 1#1: start worker process 12
2023/04/08 16:23:03 [notice] 1#1: start worker process 13
2023/04/08 16:23:03 [notice] 1#1: start worker process 14
2023/04/08 16:23:49 [notice] 1#1: signal 3 (SIGQUIT) received, shutting down
2023/04/08 16:23:49 [notice] 8#8: gracefully shutting down
2023/04/08 16:23:49 [notice] 7#7: gracefully shutting down
2023/04/08 16:23:49 [notice] 9#9: gracefully shutting down
2023/04/08 16:23:49 [notice] 8#8: exiting
2023/04/08 16:23:49 [notice] 11#11: gracefully shutting down
2023/04/08 16:23:49 [notice] 13#13: gracefully shutting down
2023/04/08 16:23:49 [notice] 10#10: gracefully shutting down
2023/04/08 16:23:49 [notice] 14#14: gracefully shutting down
2023/04/08 16:23:49 [notice] 9#9: exiting
2023/04/08 16:23:49 [notice] 11#11: exiting
2023/04/08 16:23:49 [notice] 13#13: exiting
2023/04/08 16:23:49 [notice] 10#10: exiting
2023/04/08 16:23:49 [notice] 14#14: exiting
2023/04/08 16:23:49 [notice] 7#7: exiting
2023/04/08 16:23:49 [notice] 8#8: exit
2023/04/08 16:23:49 [notice] 13#13: exit
2023/04/08 16:23:49 [notice] 9#9: exit
2023/04/08 16:23:49 [notice] 11#11: exit
2023/04/08 16:23:49 [notice] 7#7: exit
2023/04/08 16:23:49 [notice] 14#14: exit
2023/04/08 16:23:49 [notice] 10#10: exit
2023/04/08 16:23:49 [notice] 12#12: gracefully shutting down
2023/04/08 16:23:49 [notice] 12#12: exiting
2023/04/08 16:23:49 [notice] 12#12: exit
2023/04/08 16:23:49 [notice] 1#1: signal 17 (SIGCHLD) received from 11
2023/04/08 16:23:49 [notice] 1#1: worker process 11 exited with code 0
2023/04/08 16:23:49 [notice] 1#1: signal 29 (SIGIO) received
2023/04/08 16:23:49 [notice] 1#1: signal 17 (SIGCHLD) received from 13
2023/04/08 16:23:49 [notice] 1#1: worker process 13 exited with code 0
2023/04/08 16:23:49 [notice] 1#1: signal 29 (SIGIO) received
2023/04/08 16:23:49 [notice] 1#1: signal 17 (SIGCHLD) received from 12
2023/04/08 16:23:49 [notice] 1#1: worker process 10 exited with code 0
2023/04/08 16:23:49 [notice] 1#1: worker process 12 exited with code 0
2023/04/08 16:23:49 [notice] 1#1: signal 29 (SIGIO) received
2023/04/08 16:23:49 [notice] 1#1: signal 17 (SIGCHLD) received from 7
2023/04/08 16:23:49 [notice] 1#1: worker process 7 exited with code 0
2023/04/08 16:23:49 [notice] 1#1: signal 29 (SIGIO) received
2023/04/08 16:23:49 [notice] 1#1: signal 17 (SIGCHLD) received from 9
2023/04/08 16:23:49 [notice] 1#1: worker process 8 exited with code 0
2023/04/08 16:23:49 [notice] 1#1: worker process 9 exited with code 0
2023/04/08 16:23:49 [notice] 1#1: signal 29 (SIGIO) received
2023/04/08 16:23:49 [notice] 1#1: signal 17 (SIGCHLD) received from 14
2023/04/08 16:23:49 [notice] 1#1: worker process 14 exited with code 0
2023/04/08 16:23:49 [notice] 1#1: exit
